<?xml version="1.0" encoding="UTF-8"?>
<testng-results ignored="6" total="10" passed="3" failed="1" skipped="0">
  <reporter-output>
  </reporter-output>
  <suite started-at="2024-02-28T09:07:49 IST" name="Suite" finished-at="2024-02-28T09:11:00 IST" duration-ms="190909">
    <groups>
    </groups>
    <test started-at="2024-02-28T09:07:49 IST" name="Test" finished-at="2024-02-28T09:11:00 IST" duration-ms="190909">
      <class name="com.entrata.testCases.TC_003_Accounting">
        <test-method is-config="true" signature="setup(java.lang.String)[pri:0, instance:com.entrata.testCases.TC_003_Accounting@6bbe85a8]" started-at="2024-02-28T09:09:46 IST" name="setup" finished-at="2024-02-28T09:10:11 IST" duration-ms="25109" status="PASS">
          <params>
            <param index="0">
              <value>
                <![CDATA[chrome]]>
              </value>
            </param>
          </params>
          <reporter-output>
          </reporter-output>
        </test-method> <!-- setup -->
        <test-method signature="Accounting()[pri:0, instance:com.entrata.testCases.TC_003_Accounting@6bbe85a8]" started-at="2024-02-28T09:10:11 IST" name="Accounting" finished-at="2024-02-28T09:10:21 IST" duration-ms="10425" status="FAIL">
          <exception class="org.openqa.selenium.TimeoutException">
            <message>
              <![CDATA[Expected condition failed: waiting for element to be clickable: Proxy element for: DefaultElementLocator 'By.xpath: //a[normalize-space()='Request Demo']' (tried for 10 second(s) with 500 milliseconds interval)]]>
            </message>
            <full-stacktrace>
              <![CDATA[org.openqa.selenium.TimeoutException: Expected condition failed: waiting for element to be clickable: Proxy element for: DefaultElementLocator 'By.xpath: //a[normalize-space()='Request Demo']' (tried for 10 second(s) with 500 milliseconds interval)
at org.openqa.selenium.support.ui.WebDriverWait.timeoutException(WebDriverWait.java:84)
at org.openqa.selenium.support.ui.FluentWait.until(FluentWait.java:229)
at com.entrata.utilities.waitUtils.waitForElement(waitUtils.java:20)
at com.entrata.pageObject.AccountingPage.clickDemoButton(AccountingPage.java:89)
at com.entrata.testCases.TC_003_Accounting.Accounting(TC_003_Accounting.java:20)
at java.base/jdk.internal.reflect.NativeMethodAccessorImpl.invoke0(Native Method)
at java.base/jdk.internal.reflect.NativeMethodAccessorImpl.invoke(NativeMethodAccessorImpl.java:77)
at java.base/jdk.internal.reflect.DelegatingMethodAccessorImpl.invoke(DelegatingMethodAccessorImpl.java:43)
at java.base/java.lang.reflect.Method.invoke(Method.java:568)
at org.testng.internal.invokers.MethodInvocationHelper.invokeMethod(MethodInvocationHelper.java:139)
at org.testng.internal.invokers.TestInvoker.invokeMethod(TestInvoker.java:677)
at org.testng.internal.invokers.TestInvoker.invokeTestMethod(TestInvoker.java:221)
at org.testng.internal.invokers.MethodRunner.runInSequence(MethodRunner.java:50)
at org.testng.internal.invokers.TestInvoker$MethodInvocationAgent.invoke(TestInvoker.java:969)
at org.testng.internal.invokers.TestInvoker.invokeTestMethods(TestInvoker.java:194)
at org.testng.internal.invokers.TestMethodWorker.invokeTestMethods(TestMethodWorker.java:148)
at org.testng.internal.invokers.TestMethodWorker.run(TestMethodWorker.java:128)
at java.base/java.util.ArrayList.forEach(ArrayList.java:1511)
at org.testng.TestRunner.privateRun(TestRunner.java:829)
at org.testng.TestRunner.run(TestRunner.java:602)
at org.testng.SuiteRunner.runTest(SuiteRunner.java:437)
at org.testng.SuiteRunner.runSequentially(SuiteRunner.java:431)
at org.testng.SuiteRunner.privateRun(SuiteRunner.java:391)
at org.testng.SuiteRunner.run(SuiteRunner.java:330)
at org.testng.SuiteRunnerWorker.runSuite(SuiteRunnerWorker.java:52)
at org.testng.SuiteRunnerWorker.run(SuiteRunnerWorker.java:95)
at org.testng.TestNG.runSuitesSequentially(TestNG.java:1256)
at org.testng.TestNG.runSuitesLocally(TestNG.java:1176)
at org.testng.TestNG.runSuites(TestNG.java:1099)
at org.testng.TestNG.run(TestNG.java:1067)
at org.testng.remote.AbstractRemoteTestNG.run(AbstractRemoteTestNG.java:115)
at org.testng.remote.RemoteTestNG.initAndRun(RemoteTestNG.java:251)
at org.testng.remote.RemoteTestNG.main(RemoteTestNG.java:77)
Caused by: org.openqa.selenium.NoSuchElementException: no such element: Unable to locate element: {"method":"xpath","selector":"//a[normalize-space()='Request Demo']"}
  (Session info: chrome=122.0.6261.70)
For documentation on this error, please visit: https://www.selenium.dev/documentation/webdriver/troubleshooting/errors#no-such-element-exception
Build info: version: '4.16.1', revision: '9b4c83354e'
System info: os.name: 'Windows 11', os.arch: 'amd64', os.version: '10.0', java.version: '17.0.9'
Driver info: org.openqa.selenium.chrome.ChromeDriver
Command: [e518b4973e541e526076e5c3d1353840, findElement {using=xpath, value=//a[normalize-space()='Request Demo']}]
Capabilities {acceptInsecureCerts: false, browserName: chrome, browserVersion: 122.0.6261.70, chrome: {chromedriverVersion: 122.0.6261.94 (880dbf29479c..., userDataDir: C:\Users\Lenovo\AppData\Loc...}, fedcm:accounts: true, goog:chromeOptions: {debuggerAddress: localhost:49950}, networkConnectionEnabled: false, pageLoadStrategy: normal, platformName: windows, proxy: Proxy(), se:cdp: ws://localhost:49950/devtoo..., se:cdpVersion: 122.0.6261.70, setWindowRect: true, strictFileInteractability: false, timeouts: {implicit: 0, pageLoad: 300000, script: 30000}, unhandledPromptBehavior: dismiss and notify, webauthn:extension:credBlob: true, webauthn:extension:largeBlob: true, webauthn:extension:minPinLength: true, webauthn:extension:prf: true, webauthn:virtualAuthenticators: true}
Session ID: e518b4973e541e526076e5c3d1353840
at jdk.internal.reflect.GeneratedConstructorAccessor18.newInstance(Unknown Source)
at java.base/jdk.internal.reflect.DelegatingConstructorAccessorImpl.newInstance(DelegatingConstructorAccessorImpl.java:45)
at java.base/java.lang.reflect.Constructor.newInstanceWithCaller(Constructor.java:499)
at java.base/java.lang.reflect.Constructor.newInstance(Constructor.java:480)
at org.openqa.selenium.remote.codec.w3c.W3CHttpResponseCodec.createException(W3CHttpResponseCodec.java:200)
at org.openqa.selenium.remote.codec.w3c.W3CHttpResponseCodec.decode(W3CHttpResponseCodec.java:133)
at org.openqa.selenium.remote.codec.w3c.W3CHttpResponseCodec.decode(W3CHttpResponseCodec.java:52)
at org.openqa.selenium.remote.HttpCommandExecutor.execute(HttpCommandExecutor.java:191)
at org.openqa.selenium.remote.service.DriverCommandExecutor.invokeExecute(DriverCommandExecutor.java:200)
at org.openqa.selenium.remote.service.DriverCommandExecutor.execute(DriverCommandExecutor.java:175)
at org.openqa.selenium.remote.RemoteWebDriver.execute(RemoteWebDriver.java:523)
at org.openqa.selenium.remote.ElementLocation$ElementFinder$2.findElement(ElementLocation.java:165)
at org.openqa.selenium.remote.ElementLocation.findElement(ElementLocation.java:59)
at org.openqa.selenium.remote.RemoteWebDriver.findElement(RemoteWebDriver.java:360)
at org.openqa.selenium.remote.RemoteWebDriver.findElement(RemoteWebDriver.java:354)
at org.openqa.selenium.support.pagefactory.DefaultElementLocator.findElement(DefaultElementLocator.java:68)
at org.openqa.selenium.support.pagefactory.internal.LocatingElementHandler.invoke(LocatingElementHandler.java:38)
at jdk.proxy2/jdk.proxy2.$Proxy18.isDisplayed(Unknown Source)
at org.openqa.selenium.support.ui.ExpectedConditions.elementIfVisible(ExpectedConditions.java:304)
at org.openqa.selenium.support.ui.ExpectedConditions$10.apply(ExpectedConditions.java:290)
at org.openqa.selenium.support.ui.ExpectedConditions$10.apply(ExpectedConditions.java:287)
at org.openqa.selenium.support.ui.ExpectedConditions$23.apply(ExpectedConditions.java:656)
at org.openqa.selenium.support.ui.ExpectedConditions$23.apply(ExpectedConditions.java:652)
at org.openqa.selenium.support.ui.FluentWait.until(FluentWait.java:204)
... 31 more
]]>
            </full-stacktrace>
          </exception> <!-- org.openqa.selenium.TimeoutException -->
          <reporter-output>
          </reporter-output>
        </test-method> <!-- Accounting -->
        <test-method is-config="true" signature="tearDown()[pri:0, instance:com.entrata.testCases.TC_003_Accounting@6bbe85a8]" started-at="2024-02-28T09:10:21 IST" name="tearDown" finished-at="2024-02-28T09:10:22 IST" duration-ms="167" status="PASS">
          <reporter-output>
          </reporter-output>
        </test-method> <!-- tearDown -->
      </class> <!-- com.entrata.testCases.TC_003_Accounting -->
      <class name="com.entrata.testCases.TC_002_Resourses">
        <test-method is-config="true" signature="setup(java.lang.String)[pri:0, instance:com.entrata.testCases.TC_002_Resourses@5149d738]" started-at="2024-02-28T09:09:01 IST" name="setup" finished-at="2024-02-28T09:09:44 IST" duration-ms="42917" status="PASS">
          <params>
            <param index="0">
              <value>
                <![CDATA[chrome]]>
              </value>
            </param>
          </params>
          <reporter-output>
          </reporter-output>
        </test-method> <!-- setup -->
        <test-method signature="ReadResources()[pri:0, instance:com.entrata.testCases.TC_002_Resourses@5149d738]" started-at="2024-02-28T09:09:44 IST" name="ReadResources" finished-at="2024-02-28T09:09:46 IST" duration-ms="1311" status="PASS">
          <reporter-output>
          </reporter-output>
        </test-method> <!-- ReadResources -->
        <test-method is-config="true" signature="tearDown()[pri:0, instance:com.entrata.testCases.TC_002_Resourses@5149d738]" started-at="2024-02-28T09:09:46 IST" name="tearDown" finished-at="2024-02-28T09:09:46 IST" duration-ms="246" status="PASS">
          <reporter-output>
          </reporter-output>
        </test-method> <!-- tearDown -->
      </class> <!-- com.entrata.testCases.TC_002_Resourses -->
      <class name="com.entrata.testCases.TC_004_VerifyTitleOfPage">
        <test-method is-config="true" signature="setup(java.lang.String)[pri:0, instance:com.entrata.testCases.TC_004_VerifyTitleOfPage@3a7442c7]" started-at="2024-02-28T09:10:22 IST" name="setup" finished-at="2024-02-28T09:10:59 IST" duration-ms="37512" status="PASS">
          <params>
            <param index="0">
              <value>
                <![CDATA[chrome]]>
              </value>
            </param>
          </params>
          <reporter-output>
          </reporter-output>
        </test-method> <!-- setup -->
        <test-method signature="verifyTitle()[pri:0, instance:com.entrata.testCases.TC_004_VerifyTitleOfPage@3a7442c7]" started-at="2024-02-28T09:10:59 IST" name="verifyTitle" finished-at="2024-02-28T09:11:00 IST" duration-ms="692" status="PASS">
          <reporter-output>
          </reporter-output>
        </test-method> <!-- verifyTitle -->
        <test-method is-config="true" signature="tearDown()[pri:0, instance:com.entrata.testCases.TC_004_VerifyTitleOfPage@3a7442c7]" started-at="2024-02-28T09:11:00 IST" name="tearDown" finished-at="2024-02-28T09:11:00 IST" duration-ms="183" status="PASS">
          <reporter-output>
          </reporter-output>
        </test-method> <!-- tearDown -->
      </class> <!-- com.entrata.testCases.TC_004_VerifyTitleOfPage -->
      <class name="com.entrata.testCases.TC_001_ContactUs">
        <test-method is-config="true" signature="Beforesuite()[pri:0, instance:com.entrata.testCases.TC_001_ContactUs@75d3a5e0]" started-at="2024-02-28T09:07:49 IST" name="Beforesuite" finished-at="2024-02-28T09:07:49 IST" duration-ms="145" status="PASS">
          <reporter-output>
          </reporter-output>
        </test-method> <!-- Beforesuite -->
        <test-method is-config="true" signature="setup(java.lang.String)[pri:0, instance:com.entrata.testCases.TC_001_ContactUs@75d3a5e0]" started-at="2024-02-28T09:07:49 IST" name="setup" finished-at="2024-02-28T09:08:19 IST" duration-ms="30307" status="PASS">
          <params>
            <param index="0">
              <value>
                <![CDATA[chrome]]>
              </value>
            </param>
          </params>
          <reporter-output>
          </reporter-output>
        </test-method> <!-- setup -->
        <test-method signature="contactDetails()[pri:0, instance:com.entrata.testCases.TC_001_ContactUs@75d3a5e0]" started-at="2024-02-28T09:08:19 IST" name="contactDetails" finished-at="2024-02-28T09:09:01 IST" duration-ms="41718" status="PASS">
          <reporter-output>
          </reporter-output>
        </test-method> <!-- contactDetails -->
        <test-method is-config="true" signature="tearDown()[pri:0, instance:com.entrata.testCases.TC_001_ContactUs@75d3a5e0]" started-at="2024-02-28T09:09:01 IST" name="tearDown" finished-at="2024-02-28T09:09:01 IST" duration-ms="279" status="PASS">
          <reporter-output>
          </reporter-output>
        </test-method> <!-- tearDown -->
        <test-method is-config="true" signature="Aftersuite()[pri:0, instance:com.entrata.testCases.TC_001_ContactUs@75d3a5e0]" started-at="2024-02-28T09:11:00 IST" name="Aftersuite" finished-at="2024-02-28T09:11:00 IST" duration-ms="242" status="PASS">
          <reporter-output>
          </reporter-output>
        </test-method> <!-- Aftersuite -->
      </class> <!-- com.entrata.testCases.TC_001_ContactUs -->
    </test> <!-- Test -->
  </suite> <!-- Suite -->
</testng-results>
